E:\CODE_DIR\ANTIDEBUG_PARENT\DEBUG\ANTIDEBUG_PARENT.PCH
E:\CODE_DIR\ANTIDEBUG_PARENT\DEBUG\STDAFX.OBJ
E:\CODE_DIR\ANTIDEBUG_PARENT\DEBUG\VC110.PDB
E:\CODE_DIR\ANTIDEBUG_PARENT\DEBUG\ANTIDEBUG_PARENT.OBJ
E:\CODE_DIR\ANTIDEBUG_PARENT\DEBUG\ANTIDEBUG_PARENT.ILK
E:\CODE_DIR\ANTIDEBUG_PARENT\DEBUG\ANTIDEBUG_PARENT.EXE
E:\CODE_DIR\ANTIDEBUG_PARENT\DEBUG\ANTIDEBUG_PARENT.PDB
E:\CODE_DIR\AntiDebug_Parent\Debug\AntiDebug_Parent.obj
E:\CODE_DIR\AntiDebug_Parent\Debug\stdafx.obj
E:\CODE_DIR\AntiDebug_Parent\Debug\AntiDebug_Parent.ilk
E:\CODE_DIR\AntiDebug_Parent\Debug\cl.command.1.tlog
E:\CODE_DIR\AntiDebug_Parent\Debug\CL.read.1.tlog
E:\CODE_DIR\AntiDebug_Parent\Debug\CL.write.1.tlog
E:\CODE_DIR\AntiDebug_Parent\Debug\link-cvtres.read.1.tlog
E:\CODE_DIR\AntiDebug_Parent\Debug\link-cvtres.write.1.tlog
E:\CODE_DIR\AntiDebug_Parent\Debug\link-rc.read.1.tlog
E:\CODE_DIR\AntiDebug_Parent\Debug\link-rc.write.1.tlog
E:\CODE_DIR\AntiDebug_Parent\Debug\link.command.1.tlog
E:\CODE_DIR\AntiDebug_Parent\Debug\link.read.1.tlog
E:\CODE_DIR\AntiDebug_Parent\Debug\link.write.1.tlog
E:\CODE_DIR\AntiDebug_Parent\Debug\AntiDebug_Parent.pch
E:\CODE_DIR\AntiDebug_Parent\Debug\vc110.idb
E:\CODE_DIR\AntiDebug_Parent\Debug\AntiDebug_Parent.pdb
E:\CODE_DIR\AntiDebug_Parent\Debug\vc110.pdb
E:\CODE_DIR\AntiDebug_Parent\Debug\AntiDebug_Parent.exe
