E:\GITHUB\ANTIDEBUG\DEBUG\DETECTPARENTPROCESS.PCH
E:\GITHUB\ANTIDEBUG\DEBUG\STDAFX.OBJ
E:\GITHUB\ANTIDEBUG\DEBUG\VC110.PDB
E:\GITHUB\ANTIDEBUG\DEBUG\ANTIDEBUG_PARENT.OBJ
E:\GITHUB\ANTIDEBUG\DEBUG\DETECTPARENTPROCESS.ILK
E:\GITHUB\ANTIDEBUG\DEBUG\DETECTPARENTPROCESS.EXE
E:\GITHUB\ANTIDEBUG\DEBUG\DETECTPARENTPROCESS.PDB
E:\GitHub\AntiDebug\Debug\AntiDebug_Parent.obj
E:\GitHub\AntiDebug\Debug\stdafx.obj
E:\GitHub\AntiDebug\Debug\DetectParentProcess.ilk
E:\GitHub\AntiDebug\Debug\cl.command.1.tlog
E:\GitHub\AntiDebug\Debug\CL.read.1.tlog
E:\GitHub\AntiDebug\Debug\CL.write.1.tlog
E:\GitHub\AntiDebug\Debug\link-cvtres.read.1.tlog
E:\GitHub\AntiDebug\Debug\link-cvtres.write.1.tlog
E:\GitHub\AntiDebug\Debug\link-rc.read.1.tlog
E:\GitHub\AntiDebug\Debug\link-rc.write.1.tlog
E:\GitHub\AntiDebug\Debug\link.command.1.tlog
E:\GitHub\AntiDebug\Debug\link.read.1.tlog
E:\GitHub\AntiDebug\Debug\link.write.1.tlog
E:\GitHub\AntiDebug\Debug\DetectParentProcess.pch
E:\GitHub\AntiDebug\Debug\vc110.idb
E:\GitHub\AntiDebug\Debug\DetectParentProcess.pdb
E:\GitHub\AntiDebug\Debug\vc110.pdb
E:\GitHub\AntiDebug\Debug\DetectParentProcess.exe
