E:\CODE_DIR\ANTIDEBUG\PEBFORCEFLAGS\DEBUG\PEBFORCEFLAGS.PCH
E:\CODE_DIR\ANTIDEBUG\PEBFORCEFLAGS\DEBUG\STDAFX.OBJ
E:\CODE_DIR\ANTIDEBUG\PEBFORCEFLAGS\DEBUG\VC110.PDB
E:\CODE_DIR\ANTIDEBUG\PEBFORCEFLAGS\DEBUG\PEBFORCEFLAGS.OBJ
E:\CODE_DIR\ANTIDEBUG\DEBUG\PEBFORCEFLAGS.ILK
E:\CODE_DIR\ANTIDEBUG\DEBUG\PEBFORCEFLAGS.EXE
E:\CODE_DIR\ANTIDEBUG\DEBUG\PEBFORCEFLAGS.PDB
E:\CODE_DIR\ANTIDEBUG\PEBFORCEFLAGS\DEBUG\PEBFORCEFLAGS.RES
E:\GitHub\AntiDebug\PEBForceFlags\Debug\PEBForceFlags.obj
E:\GitHub\AntiDebug\PEBForceFlags\Debug\stdafx.obj
E:\GitHub\AntiDebug\PEBForceFlags\Debug\cl.command.1.tlog
E:\GitHub\AntiDebug\PEBForceFlags\Debug\CL.read.1.tlog
E:\GitHub\AntiDebug\PEBForceFlags\Debug\CL.write.1.tlog
E:\GitHub\AntiDebug\PEBForceFlags\Debug\link-cvtres.read.1.tlog
E:\GitHub\AntiDebug\PEBForceFlags\Debug\link-cvtres.write.1.tlog
E:\GitHub\AntiDebug\PEBForceFlags\Debug\link-rc.read.1.tlog
E:\GitHub\AntiDebug\PEBForceFlags\Debug\link-rc.write.1.tlog
E:\GitHub\AntiDebug\PEBForceFlags\Debug\link.command.1.tlog
E:\GitHub\AntiDebug\PEBForceFlags\Debug\link.read.1.tlog
E:\GitHub\AntiDebug\PEBForceFlags\Debug\link.write.1.tlog
E:\GitHub\AntiDebug\PEBForceFlags\Debug\rc.command.1.tlog
E:\GitHub\AntiDebug\PEBForceFlags\Debug\rc.read.1.tlog
E:\GitHub\AntiDebug\PEBForceFlags\Debug\rc.write.1.tlog
E:\GitHub\AntiDebug\PEBForceFlags\Debug\PEBForceFlags.res
E:\GitHub\AntiDebug\PEBForceFlags\Debug\PEBForceFlags.pch
E:\GitHub\AntiDebug\PEBForceFlags\Debug\vc110.idb
E:\GitHub\AntiDebug\PEBForceFlags\Debug\vc110.pdb
E:\GitHub\AntiDebug\Debug\PEBForceFlags.pdb
E:\GitHub\AntiDebug\Debug\PEBForceFlags.exe
E:\GitHub\AntiDebug\Debug\PEBForceFlags.ilk
