E:\CODE_DIR\ANTIDEBUG\HEAPTAIL\DEBUG\HEAPTAIL.PCH
E:\CODE_DIR\ANTIDEBUG\HEAPTAIL\DEBUG\STDAFX.OBJ
E:\CODE_DIR\ANTIDEBUG\HEAPTAIL\DEBUG\VC110.PDB
E:\CODE_DIR\ANTIDEBUG\HEAPTAIL\DEBUG\HEAPTAIL.OBJ
E:\CODE_DIR\ANTIDEBUG\DEBUG\HEAPTAIL.ILK
E:\CODE_DIR\ANTIDEBUG\DEBUG\HEAPTAIL.EXE
E:\CODE_DIR\ANTIDEBUG\DEBUG\HEAPTAIL.PDB
E:\CODE_DIR\ANTIDEBUG\HEAPTAIL\DEBUG\HEAPTAIL.RES
E:\GitHub\AntiDebug\HeapTail\Debug\HeapTail.obj
E:\GitHub\AntiDebug\HeapTail\Debug\stdafx.obj
E:\GitHub\AntiDebug\HeapTail\Debug\cl.command.1.tlog
E:\GitHub\AntiDebug\HeapTail\Debug\CL.read.1.tlog
E:\GitHub\AntiDebug\HeapTail\Debug\CL.write.1.tlog
E:\GitHub\AntiDebug\HeapTail\Debug\link-cvtres.read.1.tlog
E:\GitHub\AntiDebug\HeapTail\Debug\link-cvtres.write.1.tlog
E:\GitHub\AntiDebug\HeapTail\Debug\link-rc.read.1.tlog
E:\GitHub\AntiDebug\HeapTail\Debug\link-rc.write.1.tlog
E:\GitHub\AntiDebug\HeapTail\Debug\link.command.1.tlog
E:\GitHub\AntiDebug\HeapTail\Debug\link.read.1.tlog
E:\GitHub\AntiDebug\HeapTail\Debug\link.write.1.tlog
E:\GitHub\AntiDebug\HeapTail\Debug\rc.command.1.tlog
E:\GitHub\AntiDebug\HeapTail\Debug\rc.read.1.tlog
E:\GitHub\AntiDebug\HeapTail\Debug\rc.write.1.tlog
E:\GitHub\AntiDebug\HeapTail\Debug\HeapTail.res
E:\GitHub\AntiDebug\HeapTail\Debug\HeapTail.pch
E:\GitHub\AntiDebug\HeapTail\Debug\vc110.idb
E:\GitHub\AntiDebug\HeapTail\Debug\vc110.pdb
E:\GitHub\AntiDebug\Debug\HeapTail.pdb
E:\GitHub\AntiDebug\Debug\HeapTail.exe
E:\GitHub\AntiDebug\Debug\HeapTail.ilk
