E:\CODE_DIR\ANTIDEBUG\STOPDEBUGGER\DEBUG\STOPDEBUGGER.PCH
E:\CODE_DIR\ANTIDEBUG\STOPDEBUGGER\DEBUG\STDAFX.OBJ
E:\CODE_DIR\ANTIDEBUG\STOPDEBUGGER\DEBUG\VC110.PDB
E:\CODE_DIR\ANTIDEBUG\STOPDEBUGGER\DEBUG\STOPDEBUGGER.OBJ
E:\CODE_DIR\ANTIDEBUG\DEBUG\STOPDEBUGGER.ILK
E:\CODE_DIR\ANTIDEBUG\DEBUG\STOPDEBUGGER.EXE
E:\CODE_DIR\ANTIDEBUG\DEBUG\STOPDEBUGGER.PDB
E:\CODE_DIR\ANTIDEBUG\STOPDEBUGGER\DEBUG\STOPDEBUGGER.RES
E:\CODE_DIR\AntiDebug\StopDebugger\Debug\stdafx.obj
E:\CODE_DIR\AntiDebug\StopDebugger\Debug\StopDebugger.obj
E:\CODE_DIR\AntiDebug\StopDebugger\Debug\cl.command.1.tlog
E:\CODE_DIR\AntiDebug\StopDebugger\Debug\CL.read.1.tlog
E:\CODE_DIR\AntiDebug\StopDebugger\Debug\CL.write.1.tlog
E:\CODE_DIR\AntiDebug\StopDebugger\Debug\link-cvtres.read.1.tlog
E:\CODE_DIR\AntiDebug\StopDebugger\Debug\link-cvtres.write.1.tlog
E:\CODE_DIR\AntiDebug\StopDebugger\Debug\link-rc.read.1.tlog
E:\CODE_DIR\AntiDebug\StopDebugger\Debug\link-rc.write.1.tlog
E:\CODE_DIR\AntiDebug\StopDebugger\Debug\link.command.1.tlog
E:\CODE_DIR\AntiDebug\StopDebugger\Debug\link.read.1.tlog
E:\CODE_DIR\AntiDebug\StopDebugger\Debug\link.write.1.tlog
E:\CODE_DIR\AntiDebug\StopDebugger\Debug\rc.command.1.tlog
E:\CODE_DIR\AntiDebug\StopDebugger\Debug\rc.read.1.tlog
E:\CODE_DIR\AntiDebug\StopDebugger\Debug\rc.write.1.tlog
E:\CODE_DIR\AntiDebug\StopDebugger\Debug\StopDebugger.res
E:\CODE_DIR\AntiDebug\StopDebugger\Debug\StopDebugger.pch
E:\CODE_DIR\AntiDebug\StopDebugger\Debug\vc110.idb
E:\CODE_DIR\AntiDebug\StopDebugger\Debug\vc110.pdb
E:\CODE_DIR\AntiDebug\Debug\StopDebugger.pdb
E:\CODE_DIR\AntiDebug\Debug\StopDebugger.exe
E:\CODE_DIR\AntiDebug\Debug\StopDebugger.ilk
