E:\CODE_DIR\ANTIDEBUG\APIANTIDEBUG\DEBUG\APIANTIDEBUG.PCH
E:\CODE_DIR\ANTIDEBUG\APIANTIDEBUG\DEBUG\STDAFX.OBJ
E:\CODE_DIR\ANTIDEBUG\APIANTIDEBUG\DEBUG\VC110.PDB
E:\CODE_DIR\ANTIDEBUG\APIANTIDEBUG\DEBUG\APIANTIDEBUG.OBJ
E:\CODE_DIR\ANTIDEBUG\DEBUG\APIANTIDEBUG.ILK
E:\CODE_DIR\ANTIDEBUG\DEBUG\APIANTIDEBUG.EXE
E:\CODE_DIR\ANTIDEBUG\DEBUG\APIANTIDEBUG.PDB
E:\CODE_DIR\ANTIDEBUG\APIANTIDEBUG\DEBUG\APIANTIDEBUG.RES
E:\CODE_DIR\AntiDebug\ApiAntiDebug\Debug\ApiAntiDebug.obj
E:\CODE_DIR\AntiDebug\ApiAntiDebug\Debug\stdafx.obj
E:\CODE_DIR\AntiDebug\ApiAntiDebug\Debug\cl.command.1.tlog
E:\CODE_DIR\AntiDebug\ApiAntiDebug\Debug\CL.read.1.tlog
E:\CODE_DIR\AntiDebug\ApiAntiDebug\Debug\CL.write.1.tlog
E:\CODE_DIR\AntiDebug\ApiAntiDebug\Debug\link-cvtres.read.1.tlog
E:\CODE_DIR\AntiDebug\ApiAntiDebug\Debug\link-cvtres.write.1.tlog
E:\CODE_DIR\AntiDebug\ApiAntiDebug\Debug\link-rc.read.1.tlog
E:\CODE_DIR\AntiDebug\ApiAntiDebug\Debug\link-rc.write.1.tlog
E:\CODE_DIR\AntiDebug\ApiAntiDebug\Debug\link.command.1.tlog
E:\CODE_DIR\AntiDebug\ApiAntiDebug\Debug\link.read.1.tlog
E:\CODE_DIR\AntiDebug\ApiAntiDebug\Debug\link.write.1.tlog
E:\CODE_DIR\AntiDebug\ApiAntiDebug\Debug\rc.command.1.tlog
E:\CODE_DIR\AntiDebug\ApiAntiDebug\Debug\rc.read.1.tlog
E:\CODE_DIR\AntiDebug\ApiAntiDebug\Debug\rc.write.1.tlog
E:\CODE_DIR\AntiDebug\ApiAntiDebug\Debug\ApiAntiDebug.res
E:\CODE_DIR\AntiDebug\ApiAntiDebug\Debug\ApiAntiDebug.pch
E:\CODE_DIR\AntiDebug\ApiAntiDebug\Debug\vc110.idb
E:\CODE_DIR\AntiDebug\ApiAntiDebug\Debug\vc110.pdb
E:\CODE_DIR\AntiDebug\Debug\ApiAntiDebug.pdb
E:\CODE_DIR\AntiDebug\Debug\ApiAntiDebug.exe
E:\CODE_DIR\AntiDebug\Debug\ApiAntiDebug.ilk
