E:\CODE_DIR\ANTIDEBUG\PEBHEAPFLAGS\DEBUG\PEBHEAPFLAGS.PCH
E:\CODE_DIR\ANTIDEBUG\PEBHEAPFLAGS\DEBUG\STDAFX.OBJ
E:\CODE_DIR\ANTIDEBUG\PEBHEAPFLAGS\DEBUG\VC110.PDB
E:\CODE_DIR\ANTIDEBUG\PEBHEAPFLAGS\DEBUG\PEBHEAPFLAGS.OBJ
E:\CODE_DIR\ANTIDEBUG\DEBUG\PEBHEAPFLAGS.ILK
E:\CODE_DIR\ANTIDEBUG\DEBUG\PEBHEAPFLAGS.EXE
E:\CODE_DIR\ANTIDEBUG\DEBUG\PEBHEAPFLAGS.PDB
E:\CODE_DIR\ANTIDEBUG\PEBHEAPFLAGS\DEBUG\PEBHEAPFLAGS.RES
E:\CODE_DIR\AntiDebug\PEBHeapFlags\Debug\PEBHeapFlags.obj
E:\CODE_DIR\AntiDebug\PEBHeapFlags\Debug\stdafx.obj
E:\CODE_DIR\AntiDebug\PEBHeapFlags\Debug\cl.command.1.tlog
E:\CODE_DIR\AntiDebug\PEBHeapFlags\Debug\CL.read.1.tlog
E:\CODE_DIR\AntiDebug\PEBHeapFlags\Debug\CL.write.1.tlog
E:\CODE_DIR\AntiDebug\PEBHeapFlags\Debug\link-cvtres.read.1.tlog
E:\CODE_DIR\AntiDebug\PEBHeapFlags\Debug\link-cvtres.write.1.tlog
E:\CODE_DIR\AntiDebug\PEBHeapFlags\Debug\link-rc.read.1.tlog
E:\CODE_DIR\AntiDebug\PEBHeapFlags\Debug\link-rc.write.1.tlog
E:\CODE_DIR\AntiDebug\PEBHeapFlags\Debug\link.command.1.tlog
E:\CODE_DIR\AntiDebug\PEBHeapFlags\Debug\link.read.1.tlog
E:\CODE_DIR\AntiDebug\PEBHeapFlags\Debug\link.write.1.tlog
E:\CODE_DIR\AntiDebug\PEBHeapFlags\Debug\rc.command.1.tlog
E:\CODE_DIR\AntiDebug\PEBHeapFlags\Debug\rc.read.1.tlog
E:\CODE_DIR\AntiDebug\PEBHeapFlags\Debug\rc.write.1.tlog
E:\CODE_DIR\AntiDebug\PEBHeapFlags\Debug\PEBHeapFlags.res
E:\CODE_DIR\AntiDebug\PEBHeapFlags\Debug\PEBHeapFlags.pch
E:\CODE_DIR\AntiDebug\PEBHeapFlags\Debug\vc110.idb
E:\CODE_DIR\AntiDebug\PEBHeapFlags\Debug\vc110.pdb
E:\CODE_DIR\AntiDebug\Debug\PEBHeapFlags.pdb
E:\CODE_DIR\AntiDebug\Debug\PEBHeapFlags.exe
E:\CODE_DIR\AntiDebug\Debug\PEBHeapFlags.ilk
