E:\CODE_DIR\ANTIDEBUG\DEBUGPORT\DEBUG\DEBUGPORT.PCH
E:\CODE_DIR\ANTIDEBUG\DEBUGPORT\DEBUG\STDAFX.OBJ
E:\CODE_DIR\ANTIDEBUG\DEBUGPORT\DEBUG\VC110.PDB
E:\CODE_DIR\ANTIDEBUG\DEBUGPORT\DEBUG\DEBUGPORT.OBJ
E:\CODE_DIR\ANTIDEBUG\DEBUG\DEBUGPORT.ILK
E:\CODE_DIR\ANTIDEBUG\DEBUG\DEBUGPORT.EXE
E:\CODE_DIR\ANTIDEBUG\DEBUG\DEBUGPORT.PDB
E:\CODE_DIR\ANTIDEBUG\DEBUGPORT\DEBUG\DEBUGPORT.RES
E:\CODE_DIR\AntiDebug\DebugPort\Debug\DebugPort.obj
E:\CODE_DIR\AntiDebug\DebugPort\Debug\stdafx.obj
E:\CODE_DIR\AntiDebug\DebugPort\Debug\cl.command.1.tlog
E:\CODE_DIR\AntiDebug\DebugPort\Debug\CL.read.1.tlog
E:\CODE_DIR\AntiDebug\DebugPort\Debug\CL.write.1.tlog
E:\CODE_DIR\AntiDebug\DebugPort\Debug\link-cvtres.read.1.tlog
E:\CODE_DIR\AntiDebug\DebugPort\Debug\link-cvtres.write.1.tlog
E:\CODE_DIR\AntiDebug\DebugPort\Debug\link-rc.read.1.tlog
E:\CODE_DIR\AntiDebug\DebugPort\Debug\link-rc.write.1.tlog
E:\CODE_DIR\AntiDebug\DebugPort\Debug\link.command.1.tlog
E:\CODE_DIR\AntiDebug\DebugPort\Debug\link.read.1.tlog
E:\CODE_DIR\AntiDebug\DebugPort\Debug\link.write.1.tlog
E:\CODE_DIR\AntiDebug\DebugPort\Debug\rc.command.1.tlog
E:\CODE_DIR\AntiDebug\DebugPort\Debug\rc.read.1.tlog
E:\CODE_DIR\AntiDebug\DebugPort\Debug\rc.write.1.tlog
E:\CODE_DIR\AntiDebug\DebugPort\Debug\DebugPort.res
E:\CODE_DIR\AntiDebug\DebugPort\Debug\DebugPort.pch
E:\CODE_DIR\AntiDebug\DebugPort\Debug\vc110.idb
E:\CODE_DIR\AntiDebug\DebugPort\Debug\vc110.pdb
E:\CODE_DIR\AntiDebug\Debug\DebugPort.pdb
E:\CODE_DIR\AntiDebug\Debug\DebugPort.exe
E:\CODE_DIR\AntiDebug\Debug\DebugPort.ilk
