E:\CODE_DIR\ANTIDEBUG\PEBNTGLOBALFLAGS\RELEASE\PEBNTGLOBALFLAGS.PCH
E:\CODE_DIR\ANTIDEBUG\PEBNTGLOBALFLAGS\RELEASE\STDAFX.OBJ
E:\CODE_DIR\ANTIDEBUG\PEBNTGLOBALFLAGS\RELEASE\VC110.PDB
E:\CODE_DIR\ANTIDEBUG\PEBNTGLOBALFLAGS\RELEASE\PEBNTGLOBALFLAGS.OBJ
E:\CODE_DIR\ANTIDEBUG\RELEASE\PEBNTGLOBALFLAGS.EXE
E:\CODE_DIR\ANTIDEBUG\RELEASE\PEBNTGLOBALFLAGS.PDB
E:\CODE_DIR\ANTIDEBUG\PEBNTGLOBALFLAGS\RELEASE\PEBNTGLOBALFLAGS.RES
E:\CODE_DIR\AntiDebug\PEBNtGlobalFlags\Release\PEBNtGlobalFlags.obj
E:\CODE_DIR\AntiDebug\PEBNtGlobalFlags\Release\stdafx.obj
E:\CODE_DIR\AntiDebug\PEBNtGlobalFlags\Release\cl.command.1.tlog
E:\CODE_DIR\AntiDebug\PEBNtGlobalFlags\Release\CL.read.1.tlog
E:\CODE_DIR\AntiDebug\PEBNtGlobalFlags\Release\CL.write.1.tlog
E:\CODE_DIR\AntiDebug\PEBNtGlobalFlags\Release\link-cvtres.read.1.tlog
E:\CODE_DIR\AntiDebug\PEBNtGlobalFlags\Release\link-cvtres.write.1.tlog
E:\CODE_DIR\AntiDebug\PEBNtGlobalFlags\Release\link-rc.read.1.tlog
E:\CODE_DIR\AntiDebug\PEBNtGlobalFlags\Release\link-rc.write.1.tlog
E:\CODE_DIR\AntiDebug\PEBNtGlobalFlags\Release\link.command.1.tlog
E:\CODE_DIR\AntiDebug\PEBNtGlobalFlags\Release\link.read.1.tlog
E:\CODE_DIR\AntiDebug\PEBNtGlobalFlags\Release\link.write.1.tlog
E:\CODE_DIR\AntiDebug\PEBNtGlobalFlags\Release\rc.command.1.tlog
E:\CODE_DIR\AntiDebug\PEBNtGlobalFlags\Release\rc.read.1.tlog
E:\CODE_DIR\AntiDebug\PEBNtGlobalFlags\Release\rc.write.1.tlog
E:\CODE_DIR\AntiDebug\PEBNtGlobalFlags\Release\PEBNtGlobalFlags.res
E:\CODE_DIR\AntiDebug\PEBNtGlobalFlags\Release\PEBNtGlobalFlags.pch
E:\CODE_DIR\AntiDebug\PEBNtGlobalFlags\Release\vc110.pdb
E:\CODE_DIR\AntiDebug\Release\PEBNtGlobalFlags.pdb
E:\CODE_DIR\AntiDebug\Release\PEBNtGlobalFlags.exe
