E:\CODE_DIR\ANTIDEBUG\PEBDEBUGFLAG\DEBUG\PEBDEBUGFLAG.PCH
E:\CODE_DIR\ANTIDEBUG\PEBDEBUGFLAG\DEBUG\STDAFX.OBJ
E:\CODE_DIR\ANTIDEBUG\PEBDEBUGFLAG\DEBUG\VC110.PDB
E:\CODE_DIR\ANTIDEBUG\PEBDEBUGFLAG\DEBUG\PEBDEBUGFLAG.OBJ
E:\CODE_DIR\ANTIDEBUG\DEBUG\PEBDEBUGFLAG.ILK
E:\CODE_DIR\ANTIDEBUG\DEBUG\PEBDEBUGFLAG.EXE
E:\CODE_DIR\ANTIDEBUG\DEBUG\PEBDEBUGFLAG.PDB
E:\CODE_DIR\ANTIDEBUG\PEBDEBUGFLAG\DEBUG\PEBDEBUGFLAG.RES
E:\CODE_DIR\AntiDebug\PEBdebugFlag\Debug\PEBdebugFlag.obj
E:\CODE_DIR\AntiDebug\PEBdebugFlag\Debug\stdafx.obj
E:\CODE_DIR\AntiDebug\PEBdebugFlag\Debug\cl.command.1.tlog
E:\CODE_DIR\AntiDebug\PEBdebugFlag\Debug\CL.read.1.tlog
E:\CODE_DIR\AntiDebug\PEBdebugFlag\Debug\CL.write.1.tlog
E:\CODE_DIR\AntiDebug\PEBdebugFlag\Debug\link-cvtres.read.1.tlog
E:\CODE_DIR\AntiDebug\PEBdebugFlag\Debug\link-cvtres.write.1.tlog
E:\CODE_DIR\AntiDebug\PEBdebugFlag\Debug\link-rc.read.1.tlog
E:\CODE_DIR\AntiDebug\PEBdebugFlag\Debug\link-rc.write.1.tlog
E:\CODE_DIR\AntiDebug\PEBdebugFlag\Debug\link.command.1.tlog
E:\CODE_DIR\AntiDebug\PEBdebugFlag\Debug\link.read.1.tlog
E:\CODE_DIR\AntiDebug\PEBdebugFlag\Debug\link.write.1.tlog
E:\CODE_DIR\AntiDebug\PEBdebugFlag\Debug\rc.command.1.tlog
E:\CODE_DIR\AntiDebug\PEBdebugFlag\Debug\rc.read.1.tlog
E:\CODE_DIR\AntiDebug\PEBdebugFlag\Debug\rc.write.1.tlog
E:\CODE_DIR\AntiDebug\PEBdebugFlag\Debug\PEBdebugFlag.res
E:\CODE_DIR\AntiDebug\PEBdebugFlag\Debug\PEBdebugFlag.pch
E:\CODE_DIR\AntiDebug\PEBdebugFlag\Debug\vc110.idb
E:\CODE_DIR\AntiDebug\PEBdebugFlag\Debug\vc110.pdb
E:\CODE_DIR\AntiDebug\Debug\PEBdebugFlag.pdb
E:\CODE_DIR\AntiDebug\Debug\PEBdebugFlag.exe
E:\CODE_DIR\AntiDebug\Debug\PEBdebugFlag.ilk
