E:\CODE_DIR\ANTIDEBUG\PEBNTGLOBALFLAGS\DEBUG\PEBNTGLOBALFLAGS.PCH
E:\CODE_DIR\ANTIDEBUG\PEBNTGLOBALFLAGS\DEBUG\STDAFX.OBJ
E:\CODE_DIR\ANTIDEBUG\PEBNTGLOBALFLAGS\DEBUG\VC110.PDB
E:\CODE_DIR\ANTIDEBUG\PEBNTGLOBALFLAGS\DEBUG\PEBNTGLOBALFLAGS.OBJ
E:\CODE_DIR\ANTIDEBUG\DEBUG\PEBNTGLOBALFLAGS.ILK
E:\CODE_DIR\ANTIDEBUG\DEBUG\PEBNTGLOBALFLAGS.EXE
E:\CODE_DIR\ANTIDEBUG\DEBUG\PEBNTGLOBALFLAGS.PDB
E:\CODE_DIR\ANTIDEBUG\PEBNTGLOBALFLAGS\DEBUG\PEBNTGLOBALFLAGS.RES
E:\CODE_DIR\AntiDebug\PEBNtGlobalFlags\Debug\PEBNtGlobalFlags.obj
E:\CODE_DIR\AntiDebug\PEBNtGlobalFlags\Debug\stdafx.obj
E:\CODE_DIR\AntiDebug\PEBNtGlobalFlags\Debug\cl.command.1.tlog
E:\CODE_DIR\AntiDebug\PEBNtGlobalFlags\Debug\CL.read.1.tlog
E:\CODE_DIR\AntiDebug\PEBNtGlobalFlags\Debug\CL.write.1.tlog
E:\CODE_DIR\AntiDebug\PEBNtGlobalFlags\Debug\link-cvtres.read.1.tlog
E:\CODE_DIR\AntiDebug\PEBNtGlobalFlags\Debug\link-cvtres.write.1.tlog
E:\CODE_DIR\AntiDebug\PEBNtGlobalFlags\Debug\link-rc.read.1.tlog
E:\CODE_DIR\AntiDebug\PEBNtGlobalFlags\Debug\link-rc.write.1.tlog
E:\CODE_DIR\AntiDebug\PEBNtGlobalFlags\Debug\link.command.1.tlog
E:\CODE_DIR\AntiDebug\PEBNtGlobalFlags\Debug\link.read.1.tlog
E:\CODE_DIR\AntiDebug\PEBNtGlobalFlags\Debug\link.write.1.tlog
E:\CODE_DIR\AntiDebug\PEBNtGlobalFlags\Debug\rc.command.1.tlog
E:\CODE_DIR\AntiDebug\PEBNtGlobalFlags\Debug\rc.read.1.tlog
E:\CODE_DIR\AntiDebug\PEBNtGlobalFlags\Debug\rc.write.1.tlog
E:\CODE_DIR\AntiDebug\PEBNtGlobalFlags\Debug\PEBNtGlobalFlags.res
E:\CODE_DIR\AntiDebug\PEBNtGlobalFlags\Debug\PEBNtGlobalFlags.pch
E:\CODE_DIR\AntiDebug\PEBNtGlobalFlags\Debug\vc110.idb
E:\CODE_DIR\AntiDebug\PEBNtGlobalFlags\Debug\vc110.pdb
E:\CODE_DIR\AntiDebug\Debug\PEBNtGlobalFlags.pdb
E:\CODE_DIR\AntiDebug\Debug\PEBNtGlobalFlags.exe
E:\CODE_DIR\AntiDebug\Debug\PEBNtGlobalFlags.ilk
